<?xml version="1.0" encoding="UTF-8"?>
<!-- Generated by org.testng.reporters.JUnitXMLReporter -->
<testsuite ignored="0" hostname="USMUMSWKHAIR3" failures="1" tests="2" name="Test" time="32.14" errors="0" timestamp="05 Jan 2021 15:44:36 GMT">
  <testcase classname="projectSauceDemo.ValidateHomePageFunctionalitiesTest" name="validateAddToCart" time="1.021"/>
  <testcase classname="projectSauceDemo.ValidateHomePageFunctionalitiesTest" name="validateCartHeaderBlinkingLink" time="0.076">
    <failure type="junit.framework.AssertionFailedError">
      <![CDATA[junit.framework.AssertionFailedError
at junit.framework.Assert.fail(Assert.java:47)
at junit.framework.Assert.assertTrue(Assert.java:20)
at junit.framework.Assert.assertFalse(Assert.java:34)
at junit.framework.Assert.assertFalse(Assert.java:41)
at projectSauceDemo.ValidateHomePageFunctionalitiesTest.validateCartHeaderBlinkingLink(ValidateHomePageFunctionalitiesTest.java:44)
... Removed 29 stack frames]]>
    </failure>
  </testcase> <!-- validateCartHeaderBlinkingLink -->
</testsuite> <!-- Test -->
