-------------------------------------------------------------------------------
Test set: TestSuite
-------------------------------------------------------------------------------
Tests run: 2, Failures: 1, Errors: 0, Skipped: 0, Time elapsed: 38.166 s <<< FAILURE! - in TestSuite
projectSauceDemo.ValidateHomePageFunctionalitiesTest.validateCartHeaderBlinkingLink  Time elapsed: 0.085 s  <<< FAILURE!
junit.framework.AssertionFailedError
	at projectSauceDemo.ValidateHomePageFunctionalitiesTest.validateCartHeaderBlinkingLink(ValidateHomePageFunctionalitiesTest.java:44)

