<?xml version="1.0" encoding="UTF-8"?>
<testng-results ignored="0" total="2" passed="1" failed="1" skipped="0">
  <reporter-output>
  </reporter-output>
  <suite started-at="2021-01-05T15:44:04Z" name="Suite" finished-at="2021-01-05T15:44:36Z" duration-ms="32140">
    <groups>
    </groups>
    <test started-at="2021-01-05T15:44:04Z" name="Test" finished-at="2021-01-05T15:44:36Z" duration-ms="32140">
      <class name="projectSauceDemo.ValidateHomePageFunctionalitiesTest">
        <test-method is-config="true" signature="initializeTest()[pri:0, instance:projectSauceDemo.ValidateHomePageFunctionalitiesTest@314b8f2d]" started-at="2021-01-05T15:44:04Z" name="initializeTest" finished-at="2021-01-05T15:44:32Z" duration-ms="27580" status="PASS">
          <reporter-output>
          </reporter-output>
        </test-method> <!-- initializeTest -->
        <test-method signature="validateAddToCart(java.lang.String)[pri:0, instance:projectSauceDemo.ValidateHomePageFunctionalitiesTest@314b8f2d]" started-at="2021-01-05T15:44:32Z" name="validateAddToCart" data-provider="getData" finished-at="2021-01-05T15:44:33Z" duration-ms="1021" status="PASS">
          <params>
            <param index="0">
              <value>
                <![CDATA[Brocolli - 1 Kg]]>
              </value>
            </param>
          </params>
          <reporter-output>
          </reporter-output>
        </test-method> <!-- validateAddToCart -->
        <test-method signature="validateCartHeaderBlinkingLink()[pri:0, instance:projectSauceDemo.ValidateHomePageFunctionalitiesTest@314b8f2d]" started-at="2021-01-05T15:44:33Z" name="validateCartHeaderBlinkingLink" finished-at="2021-01-05T15:44:33Z" duration-ms="76" status="FAIL">
          <exception class="junit.framework.AssertionFailedError">
            <full-stacktrace>
              <![CDATA[junit.framework.AssertionFailedError
at junit.framework.Assert.fail(Assert.java:47)
at junit.framework.Assert.assertTrue(Assert.java:20)
at junit.framework.Assert.assertFalse(Assert.java:34)
at junit.framework.Assert.assertFalse(Assert.java:41)
at projectSauceDemo.ValidateHomePageFunctionalitiesTest.validateCartHeaderBlinkingLink(ValidateHomePageFunctionalitiesTest.java:44)
at java.base/jdk.internal.reflect.NativeMethodAccessorImpl.invoke0(Native Method)
at java.base/jdk.internal.reflect.NativeMethodAccessorImpl.invoke(NativeMethodAccessorImpl.java:62)
at java.base/jdk.internal.reflect.DelegatingMethodAccessorImpl.invoke(DelegatingMethodAccessorImpl.java:43)
at java.base/java.lang.reflect.Method.invoke(Method.java:567)
at org.testng.internal.MethodInvocationHelper.invokeMethod(MethodInvocationHelper.java:124)
at org.testng.internal.Invoker.invokeMethod(Invoker.java:583)
at org.testng.internal.Invoker.invokeTestMethod(Invoker.java:719)
at org.testng.internal.Invoker.invokeTestMethods(Invoker.java:989)
at org.testng.internal.TestMethodWorker.invokeTestMethods(TestMethodWorker.java:125)
at org.testng.internal.TestMethodWorker.run(TestMethodWorker.java:109)
at org.testng.TestRunner.privateRun(TestRunner.java:648)
at org.testng.TestRunner.run(TestRunner.java:505)
at org.testng.SuiteRunner.runTest(SuiteRunner.java:455)
at org.testng.SuiteRunner.runSequentially(SuiteRunner.java:450)
at org.testng.SuiteRunner.privateRun(SuiteRunner.java:415)
at org.testng.SuiteRunner.run(SuiteRunner.java:364)
at org.testng.SuiteRunnerWorker.runSuite(SuiteRunnerWorker.java:52)
at org.testng.SuiteRunnerWorker.run(SuiteRunnerWorker.java:84)
at org.testng.TestNG.runSuitesSequentially(TestNG.java:1208)
at org.testng.TestNG.runSuitesLocally(TestNG.java:1137)
at org.testng.TestNG.runSuites(TestNG.java:1049)
at org.testng.TestNG.run(TestNG.java:1017)
at org.apache.maven.surefire.testng.TestNGExecutor.run(TestNGExecutor.java:284)
at org.apache.maven.surefire.testng.TestNGXmlTestSuite.execute(TestNGXmlTestSuite.java:75)
at org.apache.maven.surefire.testng.TestNGProvider.invoke(TestNGProvider.java:119)
at org.apache.maven.surefire.booter.ForkedBooter.runSuitesInProcess(ForkedBooter.java:428)
at org.apache.maven.surefire.booter.ForkedBooter.execute(ForkedBooter.java:162)
at org.apache.maven.surefire.booter.ForkedBooter.run(ForkedBooter.java:562)
at org.apache.maven.surefire.booter.ForkedBooter.main(ForkedBooter.java:548)
]]>
            </full-stacktrace>
          </exception> <!-- junit.framework.AssertionFailedError -->
          <reporter-output>
          </reporter-output>
        </test-method> <!-- validateCartHeaderBlinkingLink -->
        <test-method is-config="true" signature="tearDown()[pri:0, instance:projectSauceDemo.ValidateHomePageFunctionalitiesTest@314b8f2d]" started-at="2021-01-05T15:44:34Z" name="tearDown" finished-at="2021-01-05T15:44:36Z" duration-ms="2367" status="PASS">
          <reporter-output>
          </reporter-output>
        </test-method> <!-- tearDown -->
      </class> <!-- projectSauceDemo.ValidateHomePageFunctionalitiesTest -->
    </test> <!-- Test -->
  </suite> <!-- Suite -->
</testng-results>
